Building DAG of jobs...
Using shell: /usr/bin/bash
Provided cores: 8
Rules claiming more threads will be scaled down.
Job stats:
job              count    min threads    max threads
-------------  -------  -------------  -------------
ASCN_Download        4              1              1
all                  1              1              1
total                5              1              1

Select jobs to execute...

[Wed Apr 24 12:20:42 2024]
rule ASCN_Download:
    input: ASCN/18S_rRNA.txt
    output: fasta/18S_rRNA.fasta
    jobid: 3
    wildcards: sample=18S_rRNA
    resources: tmpdir=/tmp


[Wed Apr 24 12:20:42 2024]
rule ASCN_Download:
    input: ASCN/ITS–2.txt
    output: fasta/ITS–2.fasta
    jobid: 4
    wildcards: sample=ITS–2
    resources: tmpdir=/tmp


[Wed Apr 24 12:20:42 2024]
rule ASCN_Download:
    input: ASCN/28S_rRNA.txt
    output: fasta/28S_rRNA.fasta
    jobid: 1
    wildcards: sample=28S_rRNA
    resources: tmpdir=/tmp


[Wed Apr 24 12:20:42 2024]
rule ASCN_Download:
    input: ASCN/COI.txt
    output: fasta/COI.fasta
    jobid: 2
    wildcards: sample=COI
    resources: tmpdir=/tmp

[Wed Apr 24 12:20:44 2024]
Finished job 1.
1 of 5 steps (20%) done
[Wed Apr 24 12:20:44 2024]
Finished job 4.
2 of 5 steps (40%) done
[Wed Apr 24 12:20:44 2024]
Finished job 3.
3 of 5 steps (60%) done
[Wed Apr 24 12:20:45 2024]
Finished job 2.
4 of 5 steps (80%) done
Select jobs to execute...

[Wed Apr 24 12:20:45 2024]
localrule all:
    input: fasta/28S_rRNA.fasta, fasta/COI.fasta, fasta/18S_rRNA.fasta, fasta/ITS–2.fasta
    jobid: 0
    resources: tmpdir=/tmp

[Wed Apr 24 12:20:45 2024]
Finished job 0.
5 of 5 steps (100%) done
Complete log: /home/rendrick27/Documents/GitHub/Assignment_01/.snakemake/log/2024-04-24T122042.601136.snakemake.log
