Building DAG of jobs...
Using shell: /usr/bin/bash
Provided cores: 8
Rules claiming more threads will be scaled down.
Job stats:
job              count    min threads    max threads
-------------  -------  -------------  -------------
ASCN_Download        4              1              1
Alignment            4              1              1
all                  1              1              1
total                9              1              1

Select jobs to execute...

[Wed Apr 24 12:26:59 2024]
rule ASCN_Download:
    input: ASCN/28S_rRNA.txt
    output: fasta/28S_rRNA.fasta
    jobid: 2
    wildcards: sample=28S_rRNA
    resources: tmpdir=/tmp


[Wed Apr 24 12:26:59 2024]
rule ASCN_Download:
    input: ASCN/COI.txt
    output: fasta/COI.fasta
    jobid: 4
    wildcards: sample=COI
    resources: tmpdir=/tmp


[Wed Apr 24 12:26:59 2024]
rule ASCN_Download:
    input: ASCN/ITS–2.txt
    output: fasta/ITS–2.fasta
    jobid: 8
    wildcards: sample=ITS–2
    resources: tmpdir=/tmp


[Wed Apr 24 12:26:59 2024]
rule ASCN_Download:
    input: ASCN/18S_rRNA.txt
    output: fasta/18S_rRNA.fasta
    jobid: 6
    wildcards: sample=18S_rRNA
    resources: tmpdir=/tmp

[Wed Apr 24 12:27:00 2024]
Finished job 8.
1 of 9 steps (11%) done
Select jobs to execute...

[Wed Apr 24 12:27:00 2024]
rule Alignment:
    input: fasta/ITS–2.fasta
    output: fasta/ITS–2_align.fasta
    jobid: 7
    wildcards: sample=ITS–2
    resources: tmpdir=/tmp

[Wed Apr 24 12:27:00 2024]
Finished job 2.
2 of 9 steps (22%) done
Select jobs to execute...

[Wed Apr 24 12:27:00 2024]
rule Alignment:
    input: fasta/28S_rRNA.fasta
    output: fasta/28S_rRNA_align.fasta
    jobid: 1
    wildcards: sample=28S_rRNA
    resources: tmpdir=/tmp

[Wed Apr 24 12:27:00 2024]
Finished job 6.
3 of 9 steps (33%) done
Select jobs to execute...

[Wed Apr 24 12:27:00 2024]
rule Alignment:
    input: fasta/18S_rRNA.fasta
    output: fasta/18S_rRNA_align.fasta
    jobid: 5
    wildcards: sample=18S_rRNA
    resources: tmpdir=/tmp

[Wed Apr 24 12:27:01 2024]
Finished job 4.
4 of 9 steps (44%) done
Select jobs to execute...

[Wed Apr 24 12:27:01 2024]
rule Alignment:
    input: fasta/COI.fasta
    output: fasta/COI_align.fasta
    jobid: 3
    wildcards: sample=COI
    resources: tmpdir=/tmp

[Wed Apr 24 12:27:02 2024]
Finished job 7.
5 of 9 steps (56%) done
[Wed Apr 24 12:27:04 2024]
Finished job 1.
6 of 9 steps (67%) done
[Wed Apr 24 12:27:04 2024]
Finished job 3.
7 of 9 steps (78%) done
[Wed Apr 24 12:27:05 2024]
Finished job 5.
8 of 9 steps (89%) done
Select jobs to execute...

[Wed Apr 24 12:27:05 2024]
localrule all:
    input: fasta/28S_rRNA_align.fasta, fasta/COI_align.fasta, fasta/18S_rRNA_align.fasta, fasta/ITS–2_align.fasta
    jobid: 0
    resources: tmpdir=/tmp

[Wed Apr 24 12:27:05 2024]
Finished job 0.
9 of 9 steps (100%) done
Complete log: /home/rendrick27/Documents/GitHub/Assignment_01/.snakemake/log/2024-04-24T122659.186295.snakemake.log
